<?xml version="1.0" encoding="UTF-8"?>
<testng-results ignored="0" total="1" passed="1" failed="0" skipped="0">
  <reporter-output>
  </reporter-output>
  <suite started-at="2022-09-21T18:26:31 IST" name="Default suite" finished-at="2022-09-21T18:26:31 IST" duration-ms="113">
    <groups>
    </groups>
    <test started-at="2022-09-21T18:26:31 IST" name="Default test" finished-at="2022-09-21T18:26:31 IST" duration-ms="113">
      <class name="jasonproject.TestJason">
        <test-method signature="DemoTest()[pri:0, instance:jasonproject.TestJason@7c469c48]" started-at="2022-09-21T18:26:31 IST" name="DemoTest" finished-at="2022-09-21T18:26:31 IST" duration-ms="30" status="PASS">
          <reporter-output>
          </reporter-output>
        </test-method> <!-- DemoTest -->
      </class> <!-- jasonproject.TestJason -->
    </test> <!-- Default test -->
  </suite> <!-- Default suite -->
</testng-results>
